Starting script execution
Creating Shotgun session with script: hyo
Fetching software info for Unreal Engine Editor
Found software: Unreal Engine Editor
Fetching task info for task ID: 5827
Found uproject path: C:\Users\admin\Desktop\Project\pipe_test\pipe_test.uproject and movie pipeline config: /Game/Cinematics/Queue
Searching for .uasset files in C:/Users/admin/Desktop/Project/pipe_test/Content/Cinematics/Queue
Found .uasset: C:/Users/admin/Desktop/Project/pipe_test/Content/Cinematics/Queue\His_Sal_Seq_01_1.uasset
Found .uasset: C:/Users/admin/Desktop/Project/pipe_test/Content/Cinematics/Queue\His_Sal_Seq_01\His_Sal_Seq_01_2.uasset
Error: Directory C:/Users/admin/Desktop/Project/pipe_test/Content/Cinematics/Queue does not exist.
Generated command: "C:\Program Files\Epic Games\UE_5.4\Engine\Binaries\Win64\UnrealEditor-Cmd.exe" "C:\Users\admin\Desktop\Project\pipe_test\pipe_test.uproject" -game -NoSplash -log -RenderOffscreen -NoTextureStreaming -MoviePipelineConfig="/Game/Cinematics/Queue/His_Sal_Seq_01_1" 
**************************************************
Processing: C:/Users/admin/Desktop/Project/pipe_test/Content/Cinematics/Queue\His_Sal_Seq_01_1.uasset
Generated CMD: "C:\Program Files\Epic Games\UE_5.4\Engine\Binaries\Win64\UnrealEditor-Cmd.exe" "C:\Users\admin\Desktop\Project\pipe_test\pipe_test.uproject" -game -NoSplash -log -RenderOffscreen -NoTextureStreaming -MoviePipelineConfig="/Game/Cinematics/Queue/His_Sal_Seq_01_1" 
**************************************************
Executing command: "C:\Program Files\Epic Games\UE_5.4\Engine\Binaries\Win64\UnrealEditor-Cmd.exe" "C:\Users\admin\Desktop\Project\pipe_test\pipe_test.uproject" -game -NoSplash -log -RenderOffscreen -NoTextureStreaming -MoviePipelineConfig="/Game/Cinematics/Queue/His_Sal_Seq_01_1" 
Submitting job 'Render_His_Sal_Seq_01_1.uasset' to Deadline
An unexpected error occurred: [WinError 2] 지정된 파일을 찾을 수 없습니다
Execution time for execute_cmd_command: 115.60 seconds.
Generated command: "C:\Program Files\Epic Games\UE_5.4\Engine\Binaries\Win64\UnrealEditor-Cmd.exe" "C:\Users\admin\Desktop\Project\pipe_test\pipe_test.uproject" -game -NoSplash -log -RenderOffscreen -NoTextureStreaming -MoviePipelineConfig="/Game/Cinematics/Queue/His_Sal_Seq_01/His_Sal_Seq_01_2" 
**************************************************
Processing: C:/Users/admin/Desktop/Project/pipe_test/Content/Cinematics/Queue\His_Sal_Seq_01\His_Sal_Seq_01_2.uasset
Generated CMD: "C:\Program Files\Epic Games\UE_5.4\Engine\Binaries\Win64\UnrealEditor-Cmd.exe" "C:\Users\admin\Desktop\Project\pipe_test\pipe_test.uproject" -game -NoSplash -log -RenderOffscreen -NoTextureStreaming -MoviePipelineConfig="/Game/Cinematics/Queue/His_Sal_Seq_01/His_Sal_Seq_01_2" 
**************************************************
Executing command: "C:\Program Files\Epic Games\UE_5.4\Engine\Binaries\Win64\UnrealEditor-Cmd.exe" "C:\Users\admin\Desktop\Project\pipe_test\pipe_test.uproject" -game -NoSplash -log -RenderOffscreen -NoTextureStreaming -MoviePipelineConfig="/Game/Cinematics/Queue/His_Sal_Seq_01/His_Sal_Seq_01_2" 
Submitting job 'Render_His_Sal_Seq_01_2.uasset' to Deadline
An unexpected error occurred: [WinError 2] 지정된 파일을 찾을 수 없습니다
Execution time for execute_cmd_command: 79.57 seconds.
Starting Nuke rendering process...
Nuke render process failed.
None
Script execution finished
Starting script execution
Creating Shotgun session with script: hyo
Fetching software info for Unreal Engine Editor
Found software: Unreal Engine Editor
Fetching task info for task ID: 5827
Found uproject path: C:\Users\admin\Desktop\Project\pipe_test\pipe_test.uproject and movie pipeline config: /Game/Cinematics/Queue
Searching for .uasset files in C:/Users/admin/Desktop/Project/pipe_test/Content/Cinematics/Queue
Found .uasset: C:/Users/admin/Desktop/Project/pipe_test/Content/Cinematics/Queue\His_Sal_Seq_01_1.uasset
Found .uasset: C:/Users/admin/Desktop/Project/pipe_test/Content/Cinematics/Queue\His_Sal_Seq_01\His_Sal_Seq_01_2.uasset
Error: Directory C:/Users/admin/Desktop/Project/pipe_test/Content/Cinematics/Queue does not exist.
Generated command: "C:\Program Files\Epic Games\UE_5.4\Engine\Binaries\Win64\UnrealEditor-Cmd.exe" "C:\Users\admin\Desktop\Project\pipe_test\pipe_test.uproject" -game -NoSplash -log -RenderOffscreen -NoTextureStreaming -MoviePipelineConfig="/Game/Cinematics/Queue/His_Sal_Seq_01_1" -MoviePipelineSettingOverride="Resolution.X=2560,Resolution.Y=1440"
**************************************************
Processing: C:/Users/admin/Desktop/Project/pipe_test/Content/Cinematics/Queue\His_Sal_Seq_01_1.uasset
Generated CMD: "C:\Program Files\Epic Games\UE_5.4\Engine\Binaries\Win64\UnrealEditor-Cmd.exe" "C:\Users\admin\Desktop\Project\pipe_test\pipe_test.uproject" -game -NoSplash -log -RenderOffscreen -NoTextureStreaming -MoviePipelineConfig="/Game/Cinematics/Queue/His_Sal_Seq_01_1" -MoviePipelineSettingOverride="Resolution.X=2560,Resolution.Y=1440"
**************************************************
Executing command: "C:\Program Files\Epic Games\UE_5.4\Engine\Binaries\Win64\UnrealEditor-Cmd.exe" "C:\Users\admin\Desktop\Project\pipe_test\pipe_test.uproject" -game -NoSplash -log -RenderOffscreen -NoTextureStreaming -MoviePipelineConfig="/Game/Cinematics/Queue/His_Sal_Seq_01_1" -MoviePipelineSettingOverride="Resolution.X=2560,Resolution.Y=1440"
Submitting job 'Render_His_Sal_Seq_01_1.uasset' to Deadline
An unexpected error occurred: [WinError 2] 지정된 파일을 찾을 수 없습니다
Execution time for execute_cmd_command: 128.96 seconds.
Generated command: "C:\Program Files\Epic Games\UE_5.4\Engine\Binaries\Win64\UnrealEditor-Cmd.exe" "C:\Users\admin\Desktop\Project\pipe_test\pipe_test.uproject" -game -NoSplash -log -RenderOffscreen -NoTextureStreaming -MoviePipelineConfig="/Game/Cinematics/Queue/His_Sal_Seq_01/His_Sal_Seq_01_2" -MoviePipelineSettingOverride="Resolution.X=2560,Resolution.Y=1440"
**************************************************
Processing: C:/Users/admin/Desktop/Project/pipe_test/Content/Cinematics/Queue\His_Sal_Seq_01\His_Sal_Seq_01_2.uasset
Generated CMD: "C:\Program Files\Epic Games\UE_5.4\Engine\Binaries\Win64\UnrealEditor-Cmd.exe" "C:\Users\admin\Desktop\Project\pipe_test\pipe_test.uproject" -game -NoSplash -log -RenderOffscreen -NoTextureStreaming -MoviePipelineConfig="/Game/Cinematics/Queue/His_Sal_Seq_01/His_Sal_Seq_01_2" -MoviePipelineSettingOverride="Resolution.X=2560,Resolution.Y=1440"
**************************************************
Executing command: "C:\Program Files\Epic Games\UE_5.4\Engine\Binaries\Win64\UnrealEditor-Cmd.exe" "C:\Users\admin\Desktop\Project\pipe_test\pipe_test.uproject" -game -NoSplash -log -RenderOffscreen -NoTextureStreaming -MoviePipelineConfig="/Game/Cinematics/Queue/His_Sal_Seq_01/His_Sal_Seq_01_2" -MoviePipelineSettingOverride="Resolution.X=2560,Resolution.Y=1440"
