2024-11-28 16:14:18,935 - INFO - 렌더링 명령어 생성: C:\Program Files\Epic Games\UE_5.2\Engine\Binaries\Win64\UnrealEditor-cmd.exe C:\Users\admin\Desktop\Project\pipe_test\pipe_test.uproject -game -nosplash -MoviePipelineLocalExecutorClass -MovieRenderPipelineConfig=/Game/Cinematics/Queue.MyRenderQueue_1 -override_config MoviePipeline.OutputPath=C:\Users\admin\Desktop\Project\pipe_test\Saved\MovieRenders\render_20241128_161418 -override_config MoviePipeline.OutputResolution=(X=3840,Y=2160) -override_config MoviePipeline.TargetFPS=24.0 -override_config MoviePipeline.SamplesPerPixel=64 -override_config MoviePipeline.OutputFormat=EXR
2024-11-28 16:14:18,937 - INFO - 렌더링 시작
2024-11-28 16:14:18,940 - ERROR - 렌더링 실행 중 오류 발생: [WinError 2] 지정된 파일을 찾을 수 없습니다
2024-11-28 16:14:18,941 - ERROR - 렌더링 작업 실패: [WinError 2] 지정된 파일을 찾을 수 없습니다
2024-11-28 16:15:54,100 - INFO - 렌더링 명령어 생성: C:\Program Files\Epic Games\UE_5.2\Engine\Binaries\Win64\UnrealEditor-cmd.exe C:\Users\admin\Desktop\Project\pipe_test\pipe_test.uproject -game -nosplash -MoviePipelineLocalExecutorClass -MovieRenderPipelineConfig=\Game\Cinematics\Queue.MyRenderQueue_1 -override_config MoviePipeline.OutputPath=C:\Users\admin\Desktop\Project\pipe_test\Saved\MovieRenders\render_20241128_161554 -override_config MoviePipeline.OutputResolution=(X=3840,Y=2160) -override_config MoviePipeline.TargetFPS=24.0 -override_config MoviePipeline.SamplesPerPixel=64 -override_config MoviePipeline.OutputFormat=EXR
2024-11-28 16:15:54,101 - INFO - 렌더링 시작
2024-11-28 16:15:54,104 - ERROR - 렌더링 실행 중 오류 발생: [WinError 2] 지정된 파일을 찾을 수 없습니다
2024-11-28 16:15:54,105 - ERROR - 렌더링 작업 실패: [WinError 2] 지정된 파일을 찾을 수 없습니다
2024-11-28 16:15:59,452 - INFO - 렌더링 명령어 생성: C:\Program Files\Epic Games\UE_5.2\Engine\Binaries\Win64\UnrealEditor-cmd.exe C:\Users\admin\Desktop\Project\pipe_test\pipe_test.uproject -game -nosplash -MoviePipelineLocalExecutorClass -MovieRenderPipelineConfig=\Game\Cinematics\Queue.MyRenderQueue_1 -override_config MoviePipeline.OutputPath=C:\Users\admin\Desktop\Project\pipe_test\Saved\MovieRenders\render_20241128_161559 -override_config MoviePipeline.OutputResolution=(X=3840,Y=2160) -override_config MoviePipeline.TargetFPS=24.0 -override_config MoviePipeline.SamplesPerPixel=64 -override_config MoviePipeline.OutputFormat=EXR
2024-11-28 16:15:59,453 - INFO - 렌더링 시작
2024-11-28 16:15:59,456 - ERROR - 렌더링 실행 중 오류 발생: [WinError 2] 지정된 파일을 찾을 수 없습니다
2024-11-28 16:15:59,457 - ERROR - 렌더링 작업 실패: [WinError 2] 지정된 파일을 찾을 수 없습니다
2024-11-28 16:16:09,568 - INFO - 렌더링 명령어 생성: C:\Program Files\Epic Games\UE_5.2\Engine\Binaries\Win64\UnrealEditor-cmd.exe C:\Users\admin\Desktop\Project\pipe_test\pipe_test.uproject -game -nosplash -MoviePipelineLocalExecutorClass -MovieRenderPipelineConfig=\Game\Cinematics\Queue\MyRenderQueue_1 -override_config MoviePipeline.OutputPath=C:\Users\admin\Desktop\Project\pipe_test\Saved\MovieRenders\render_20241128_161609 -override_config MoviePipeline.OutputResolution=(X=3840,Y=2160) -override_config MoviePipeline.TargetFPS=24.0 -override_config MoviePipeline.SamplesPerPixel=64 -override_config MoviePipeline.OutputFormat=EXR
2024-11-28 16:16:09,569 - INFO - 렌더링 시작
2024-11-28 16:16:09,572 - ERROR - 렌더링 실행 중 오류 발생: [WinError 2] 지정된 파일을 찾을 수 없습니다
2024-11-28 16:16:09,573 - ERROR - 렌더링 작업 실패: [WinError 2] 지정된 파일을 찾을 수 없습니다
2024-11-28 16:17:05,136 - INFO - 렌더링 명령어 생성: C:\Program Files\Epic Games\UE_5.4\Engine\Binaries\Win64\UnrealEditor-Cmd.exe C:\Users\admin\Desktop\Project\pipe_test\pipe_test.uproject -game -nosplash -MoviePipelineLocalExecutorClass -MovieRenderPipelineConfig=\Game\Cinematics\Queue\MyRenderQueue_1 -override_config MoviePipeline.OutputPath=C:\Users\admin\Desktop\Project\pipe_test\Saved\MovieRenders\render_20241128_161705 -override_config MoviePipeline.OutputResolution=(X=3840,Y=2160) -override_config MoviePipeline.TargetFPS=24.0 -override_config MoviePipeline.SamplesPerPixel=64 -override_config MoviePipeline.OutputFormat=EXR
2024-11-28 16:17:05,137 - INFO - 렌더링 시작
2024-11-28 16:17:49,413 - INFO - 렌더링 완료
2024-11-28 16:21:19,866 - INFO - 렌더링 명령어 생성: C:\Program Files\Epic Games\UE_5.4\Engine\Binaries\Win64\UnrealEditor-Cmd.exe C:\Users\admin\Desktop\Project\pipe_test\pipe_test.uproject -game -noSplash -MoviePipelineLocalExecutorClass -MovieRenderPipelineConfig=\Game\Cinematics\Queue\MyRenderQueue_1 -override_config MoviePipeline.OutputPath=C:\Users\admin\Desktop\Project\pipe_test\Saved\MovieRenders\render_20241128_162119 -override_config MoviePipeline.OutputResolution=(X=3840,Y=2160) -override_config MoviePipeline.TargetFPS=24.0 -override_config MoviePipeline.SamplesPerPixel=64 -override_config MoviePipeline.OutputFormat=EXR
2024-11-28 16:21:19,867 - INFO - 렌더링 시작
2024-11-28 16:21:37,527 - INFO - 렌더링 완료
2024-11-28 16:21:58,631 - INFO - 렌더링 명령어 생성: C:\Program Files\Epic Games\UE_5.4\Engine\Binaries\Win64\UnrealEditor-Cmd.exe C:\Users\admin\Desktop\Project\pipe_test\pipe_test.uproject -game -noSplash -windowed -log -MoviePipelineLocalExecutorClass -MovieRenderPipelineConfig=\Game\Cinematics\Queue\MyRenderQueue_1 -override_config MoviePipeline.OutputPath=C:\Users\admin\Desktop\Project\pipe_test\Saved\MovieRenders\render_20241128_162158 -override_config MoviePipeline.OutputResolution=(X=3840,Y=2160) -override_config MoviePipeline.TargetFPS=24.0 -override_config MoviePipeline.SamplesPerPixel=64 -override_config MoviePipeline.OutputFormat=EXR
2024-11-28 16:21:58,633 - INFO - 렌더링 시작
2024-11-28 16:22:29,274 - INFO - 렌더링 완료
2024-11-28 16:23:07,577 - INFO - 렌더링 명령어 생성: C:\Program Files\Epic Games\UE_5.4\Engine\Binaries\Win64\UnrealEditor-Cmd.exe C:\Users\admin\Desktop\Project\pipe_test\pipe_test.uproject -game -noSplash -windowed -log -MoviePipelineLocalExecutorClass -MovieRenderPipelineConfig=/Game/Cinematics/Queue/MyRenderQueue_1 -override_config MoviePipeline.OutputPath=C:\Users\admin\Desktop\Project\pipe_test\Saved\MovieRenders\render_20241128_162307 -override_config MoviePipeline.OutputResolution=(X=3840,Y=2160) -override_config MoviePipeline.TargetFPS=24.0 -override_config MoviePipeline.SamplesPerPixel=64 -override_config MoviePipeline.OutputFormat=EXR
2024-11-28 16:23:07,578 - INFO - 렌더링 시작
2024-11-28 16:23:48,716 - INFO - 렌더링 명령어 생성: C:\Program Files\Epic Games\UE_5.4\Engine\Binaries\Win64\UnrealEditor.exe C:\Users\admin\Desktop\Project\pipe_test\pipe_test.uproject -game -noSplash -windowed -log -MoviePipelineLocalExecutorClass -MovieRenderPipelineConfig=/Game/Cinematics/Queue/MyRenderQueue_1 -override_config MoviePipeline.OutputPath=C:\Users\admin\Desktop\Project\pipe_test\Saved\MovieRenders\render_20241128_162348 -override_config MoviePipeline.OutputResolution=(X=3840,Y=2160) -override_config MoviePipeline.TargetFPS=24.0 -override_config MoviePipeline.SamplesPerPixel=64 -override_config MoviePipeline.OutputFormat=EXR
2024-11-28 16:23:48,717 - INFO - 렌더링 시작
2024-11-28 16:24:24,905 - ERROR - 렌더링 실패 (반환 코드: 3221225786)
2024-11-28 16:25:41,325 - INFO - 렌더링 명령어 생성: C:\Program Files\Epic Games\UE_5.4\Engine\Binaries\Win64\UnrealEditor.exe C:\Users\admin\Desktop\Project\pipe_test\pipe_test.uproject -game -noSplash -windowed -log -MoviePipelineLocalExecutorClass -MovieRenderPipelineConfig=/Game/Cinematics/Queue/MyRenderQueue_1-LevelSequence=/Game/Scene_Saloon/Sequences/His_Sal_Seq_01-ExecutorPythonClass=/Engine/PythonTypes.MoviePipelineExampleRuntimeExecutor -override_config MoviePipeline.OutputPath=C:\Users\admin\Desktop\Project\pipe_test\Saved\MovieRenders\render_20241128_162541 -override_config MoviePipeline.OutputResolution=(X=3840,Y=2160) -override_config MoviePipeline.TargetFPS=24.0 -override_config MoviePipeline.SamplesPerPixel=64 -override_config MoviePipeline.OutputFormat=EXR
2024-11-28 16:25:41,326 - INFO - 렌더링 시작
2024-11-28 16:25:59,525 - ERROR - 렌더링 실패 (반환 코드: 3221225786)
