RenderScript initialized
Starting script execution
Creating Shotgun session with script: hyo
Fetching software info for Unreal Engine Editor
Found software: Unreal Engine Editor
Fetching task info for task ID: 5827
Found uproject path: C:\Users\admin\Desktop\Project\pipe_test\pipe_test.uproject and movie pipeline config: /Game/Cinematics/Queue
Searching for .uasset files in C:/Users/admin/Desktop/Project/pipe_test/Content/Cinematics/Queue
Found .uasset: C:/Users/admin/Desktop/Project/pipe_test/Content/Cinematics/Queue\His_Sal_Seq_01_1.uasset
Found .uasset: C:/Users/admin/Desktop/Project/pipe_test/Content/Cinematics/Queue\His_Sal_Seq_01\His_Sal_Seq_01_2.uasset
Searching for .uasset files in C:/Users/admin/Desktop/Project/pipe_test/Content/Cinematics/Queue
Found .uasset: C:/Users/admin/Desktop/Project/pipe_test/Content/Cinematics/Queue\His_Sal_Seq_01_1.uasset
Found .uasset: C:/Users/admin/Desktop/Project/pipe_test/Content/Cinematics/Queue\His_Sal_Seq_01\His_Sal_Seq_01_2.uasset
Failed to load asset: C:/Users/admin/Desktop/Project/pipe_test/Content/Cinematics/Queue\His_Sal_Seq_01_1.uasset
Failed to load asset: C:/Users/admin/Desktop/Project/pipe_test/Content/Cinematics/Queue\His_Sal_Seq_01\His_Sal_Seq_01_2.uasset
Generated command: "C:\Program Files\Epic Games\UE_5.4\Engine\Binaries\Win64\UnrealEditor-Cmd.exe" "C:\Users\admin\Desktop\Project\pipe_test\pipe_test.uproject" -game -NoSplash -log -RenderOffscreen -NoTextureStreaming -MoviePipelineConfig="/Game/Cinematics/Queue/His_Sal_Seq_01_1"
**************************************************
Processing: C:/Users/admin/Desktop/Project/pipe_test/Content/Cinematics/Queue\His_Sal_Seq_01_1.uasset
Generated CMD: "C:\Program Files\Epic Games\UE_5.4\Engine\Binaries\Win64\UnrealEditor-Cmd.exe" "C:\Users\admin\Desktop\Project\pipe_test\pipe_test.uproject" -game -NoSplash -log -RenderOffscreen -NoTextureStreaming -MoviePipelineConfig="/Game/Cinematics/Queue/His_Sal_Seq_01_1"
**************************************************
Executing command: "C:\Program Files\Epic Games\UE_5.4\Engine\Binaries\Win64\UnrealEditor-Cmd.exe" "C:\Users\admin\Desktop\Project\pipe_test\pipe_test.uproject" -game -NoSplash -log -RenderOffscreen -NoTextureStreaming -MoviePipelineConfig="/Game/Cinematics/Queue/His_Sal_Seq_01_1"
Submitting job 'Render_His_Sal_Seq_01_1.uasset' to Deadline
An unexpected error occurred: [WinError 2] 지정된 파일을 찾을 수 없습니다
Execution time for execute_cmd_command: 100.05 seconds.
Generated command: "C:\Program Files\Epic Games\UE_5.4\Engine\Binaries\Win64\UnrealEditor-Cmd.exe" "C:\Users\admin\Desktop\Project\pipe_test\pipe_test.uproject" -game -NoSplash -log -RenderOffscreen -NoTextureStreaming -MoviePipelineConfig="/Game/Cinematics/Queue/His_Sal_Seq_01/His_Sal_Seq_01_2"
**************************************************
Processing: C:/Users/admin/Desktop/Project/pipe_test/Content/Cinematics/Queue\His_Sal_Seq_01\His_Sal_Seq_01_2.uasset
Generated CMD: "C:\Program Files\Epic Games\UE_5.4\Engine\Binaries\Win64\UnrealEditor-Cmd.exe" "C:\Users\admin\Desktop\Project\pipe_test\pipe_test.uproject" -game -NoSplash -log -RenderOffscreen -NoTextureStreaming -MoviePipelineConfig="/Game/Cinematics/Queue/His_Sal_Seq_01/His_Sal_Seq_01_2"
**************************************************
Executing command: "C:\Program Files\Epic Games\UE_5.4\Engine\Binaries\Win64\UnrealEditor-Cmd.exe" "C:\Users\admin\Desktop\Project\pipe_test\pipe_test.uproject" -game -NoSplash -log -RenderOffscreen -NoTextureStreaming -MoviePipelineConfig="/Game/Cinematics/Queue/His_Sal_Seq_01/His_Sal_Seq_01_2"
RenderScript initialized
Starting script execution
Creating Shotgun session with script: hyo
Fetching software info for Unreal Engine Editor
Found software: Unreal Engine Editor
Fetching task info for task ID: 5827
Found uproject path: C:\Users\admin\Desktop\Project\pipe_test\pipe_test.uproject and movie pipeline config: /Game/Cinematics/Queue
Searching for .uasset files in C:/Users/admin/Desktop/Project/pipe_test/Content/Cinematics/Queue
Found .uasset: C:/Users/admin/Desktop/Project/pipe_test/Content/Cinematics/Queue\His_Sal_Seq_01_1.uasset
Found .uasset: C:/Users/admin/Desktop/Project/pipe_test/Content/Cinematics/Queue\His_Sal_Seq_01\His_Sal_Seq_01_2.uasset
Searching for .uasset files in C:/Users/admin/Desktop/Project/pipe_test/Content/Cinematics/Queue
Found .uasset: C:/Users/admin/Desktop/Project/pipe_test/Content/Cinematics/Queue\His_Sal_Seq_01_1.uasset
Found .uasset: C:/Users/admin/Desktop/Project/pipe_test/Content/Cinematics/Queue\His_Sal_Seq_01\His_Sal_Seq_01_2.uasset
Failed to load asset: C:/Users/admin/Desktop/Project/pipe_test/Content/Cinematics/Queue\His_Sal_Seq_01_1.uasset
Failed to load asset: C:/Users/admin/Desktop/Project/pipe_test/Content/Cinematics/Queue\His_Sal_Seq_01\His_Sal_Seq_01_2.uasset
Generated command: "C:\Program Files\Epic Games\UE_5.4\Engine\Binaries\Win64\UnrealEditor-Cmd.exe" "C:\Users\admin\Desktop\Project\pipe_test\pipe_test.uproject" -game -NoSplash -log -RenderOffscreen -NoTextureStreaming -MoviePipelineConfig="/Game/Cinematics/Queue/His_Sal_Seq_01_1"
**************************************************
Processing: C:/Users/admin/Desktop/Project/pipe_test/Content/Cinematics/Queue\His_Sal_Seq_01_1.uasset
Generated CMD: "C:\Program Files\Epic Games\UE_5.4\Engine\Binaries\Win64\UnrealEditor-Cmd.exe" "C:\Users\admin\Desktop\Project\pipe_test\pipe_test.uproject" -game -NoSplash -log -RenderOffscreen -NoTextureStreaming -MoviePipelineConfig="/Game/Cinematics/Queue/His_Sal_Seq_01_1"
**************************************************
Executing command: "C:\Program Files\Epic Games\UE_5.4\Engine\Binaries\Win64\UnrealEditor-Cmd.exe" "C:\Users\admin\Desktop\Project\pipe_test\pipe_test.uproject" -game -NoSplash -log -RenderOffscreen -NoTextureStreaming -MoviePipelineConfig="/Game/Cinematics/Queue/His_Sal_Seq_01_1"
RenderScript initialized
Starting script execution
Creating Shotgun session with script: hyo
Fetching software info for Unreal Engine Editor
Found software: Unreal Engine Editor
Fetching task info for task ID: 5827
Found uproject path: C:\Users\admin\Desktop\Project\pipe_test\pipe_test.uproject and movie pipeline config: /Game/Cinematics/Queue
Searching for .uasset files in C:\Users\admin\Desktop\Project\pipe_test\Content\Cinematics/Queue
Found .uasset: C:\Users\admin\Desktop\Project\pipe_test\Content\Cinematics/Queue\His_Sal_Seq_01_1.uasset
Found .uasset: C:\Users\admin\Desktop\Project\pipe_test\Content\Cinematics/Queue\His_Sal_Seq_01\His_Sal_Seq_01_2.uasset
Searching for .uasset files in C:\Users\admin\Desktop\Project\pipe_test\Content\Cinematics/Queue
Found .uasset: C:\Users\admin\Desktop\Project\pipe_test\Content\Cinematics/Queue\His_Sal_Seq_01_1.uasset
Found .uasset: C:\Users\admin\Desktop\Project\pipe_test\Content\Cinematics/Queue\His_Sal_Seq_01\His_Sal_Seq_01_2.uasset
Failed to load asset: C:\Users\admin\Desktop\Project\pipe_test\Content\Cinematics/Queue\His_Sal_Seq_01_1.uasset
Failed to load asset: C:\Users\admin\Desktop\Project\pipe_test\Content\Cinematics/Queue\His_Sal_Seq_01\His_Sal_Seq_01_2.uasset
Generated command: "C:\Program Files\Epic Games\UE_5.4\Engine\Binaries\Win64\UnrealEditor-Cmd.exe" "C:\Users\admin\Desktop\Project\pipe_test\pipe_test.uproject" -game -NoSplash -log -RenderOffscreen -NoTextureStreaming -MoviePipelineConfig="/Game/Cinematics/Queue/His_Sal_Seq_01_1"
**************************************************
Processing: C:\Users\admin\Desktop\Project\pipe_test\Content\Cinematics/Queue\His_Sal_Seq_01_1.uasset
Generated CMD: "C:\Program Files\Epic Games\UE_5.4\Engine\Binaries\Win64\UnrealEditor-Cmd.exe" "C:\Users\admin\Desktop\Project\pipe_test\pipe_test.uproject" -game -NoSplash -log -RenderOffscreen -NoTextureStreaming -MoviePipelineConfig="/Game/Cinematics/Queue/His_Sal_Seq_01_1"
**************************************************
Executing command: "C:\Program Files\Epic Games\UE_5.4\Engine\Binaries\Win64\UnrealEditor-Cmd.exe" "C:\Users\admin\Desktop\Project\pipe_test\pipe_test.uproject" -game -NoSplash -log -RenderOffscreen -NoTextureStreaming -MoviePipelineConfig="/Game/Cinematics/Queue/His_Sal_Seq_01_1"
RenderScript initialized
Starting script execution
Creating Shotgun session with script: hyo
Fetching software info for Unreal Engine Editor
Found software: Unreal Engine Editor
Fetching task info for task ID: 5827
Found uproject path: C:\Users\admin\Desktop\Project\pipe_test\pipe_test.uproject and movie pipeline config: /Game/Cinematics/Queue
Searching for .uasset files in C:/Users/admin/Desktop/Project/pipe_test/Content/Cinematics/Queue
Found .uasset: C:\Users\admin\Desktop\Project\pipe_test\Content\Cinematics\Queue\His_Sal_Seq_01_1.uasset
Found .uasset: C:\Users\admin\Desktop\Project\pipe_test\Content\Cinematics\Queue\His_Sal_Seq_01\His_Sal_Seq_01_2.uasset
Searching for .uasset files in C:/Users/admin/Desktop/Project/pipe_test/Content/Cinematics/Queue
Found .uasset: C:\Users\admin\Desktop\Project\pipe_test\Content\Cinematics\Queue\His_Sal_Seq_01_1.uasset
Found .uasset: C:\Users\admin\Desktop\Project\pipe_test\Content\Cinematics\Queue\His_Sal_Seq_01\His_Sal_Seq_01_2.uasset
Failed to load asset: C:\Users\admin\Desktop\Project\pipe_test\Content\Cinematics\Queue\His_Sal_Seq_01_1.uasset
Failed to load asset: C:\Users\admin\Desktop\Project\pipe_test\Content\Cinematics\Queue\His_Sal_Seq_01\His_Sal_Seq_01_2.uasset
Generated command: "C:\Program Files\Epic Games\UE_5.4\Engine\Binaries\Win64\UnrealEditor-Cmd.exe" "C:\Users\admin\Desktop\Project\pipe_test\pipe_test.uproject" -game -NoSplash -log -RenderOffscreen -NoTextureStreaming -MoviePipelineConfig="/Game/Cinematics/Queue/His_Sal_Seq_01_1"
**************************************************
Processing: C:\Users\admin\Desktop\Project\pipe_test\Content\Cinematics\Queue\His_Sal_Seq_01_1.uasset
Generated CMD: "C:\Program Files\Epic Games\UE_5.4\Engine\Binaries\Win64\UnrealEditor-Cmd.exe" "C:\Users\admin\Desktop\Project\pipe_test\pipe_test.uproject" -game -NoSplash -log -RenderOffscreen -NoTextureStreaming -MoviePipelineConfig="/Game/Cinematics/Queue/His_Sal_Seq_01_1"
**************************************************
Executing command: "C:\Program Files\Epic Games\UE_5.4\Engine\Binaries\Win64\UnrealEditor-Cmd.exe" "C:\Users\admin\Desktop\Project\pipe_test\pipe_test.uproject" -game -NoSplash -log -RenderOffscreen -NoTextureStreaming -MoviePipelineConfig="/Game/Cinematics/Queue/His_Sal_Seq_01_1"
RenderScript initialized
Starting script execution
Creating Shotgun session with script: hyo
Fetching software info for Unreal Engine Editor
Found software: Unreal Engine Editor
Fetching task info for task ID: 5827
Found uproject path: C:\Users\admin\Desktop\Project\pipe_test\pipe_test.uproject and movie pipeline config: /Game/Cinematics/Queue
Searching for .uasset files in C:/Users/admin/Desktop/Project/pipe_test/Content/Cinematics/Queue
Found .uasset: C:\Users\admin\Desktop\Project\pipe_test\Content\Cinematics\Queue\His_Sal_Seq_01_1.uasset
Found .uasset: C:\Users\admin\Desktop\Project\pipe_test\Content\Cinematics\Queue\His_Sal_Seq_01\His_Sal_Seq_01_2.uasset
Searching for .uasset files in C:/Users/admin/Desktop/Project/pipe_test/Content/Cinematics/Queue
Found .uasset: C:\Users\admin\Desktop\Project\pipe_test\Content\Cinematics\Queue\His_Sal_Seq_01_1.uasset
Found .uasset: C:\Users\admin\Desktop\Project\pipe_test\Content\Cinematics\Queue\His_Sal_Seq_01\His_Sal_Seq_01_2.uasset
Failed to load queue asset: C:\Users\admin\Desktop\Project\pipe_test\Content\Cinematics\Queue\His_Sal_Seq_01_1.uasset
Failed to load queue asset: C:\Users\admin\Desktop\Project\pipe_test\Content\Cinematics\Queue\His_Sal_Seq_01\His_Sal_Seq_01_2.uasset
Generated command: "C:\Program Files\Epic Games\UE_5.4\Engine\Binaries\Win64\UnrealEditor-Cmd.exe" "C:\Users\admin\Desktop\Project\pipe_test\pipe_test.uproject" -game -NoSplash -log -RenderOffscreen -NoTextureStreaming -MoviePipelineConfig="/Game/Cinematics/Queue/His_Sal_Seq_01_1"
**************************************************
Processing: C:\Users\admin\Desktop\Project\pipe_test\Content\Cinematics\Queue\His_Sal_Seq_01_1.uasset
Generated CMD: "C:\Program Files\Epic Games\UE_5.4\Engine\Binaries\Win64\UnrealEditor-Cmd.exe" "C:\Users\admin\Desktop\Project\pipe_test\pipe_test.uproject" -game -NoSplash -log -RenderOffscreen -NoTextureStreaming -MoviePipelineConfig="/Game/Cinematics/Queue/His_Sal_Seq_01_1"
**************************************************
Executing command: "C:\Program Files\Epic Games\UE_5.4\Engine\Binaries\Win64\UnrealEditor-Cmd.exe" "C:\Users\admin\Desktop\Project\pipe_test\pipe_test.uproject" -game -NoSplash -log -RenderOffscreen -NoTextureStreaming -MoviePipelineConfig="/Game/Cinematics/Queue/His_Sal_Seq_01_1"
RenderScript initialized
Starting script execution
Creating Shotgun session with script: hyo
Fetching software info for Unreal Engine Editor
Found software: Unreal Engine Editor
Fetching task info for task ID: 5827
Found uproject path: C:\Users\admin\Desktop\Project\pipe_test\pipe_test.uproject and movie pipeline config: /Game/Cinematics/Queue
Searching for .uasset files in C:/Users/admin/Desktop/Project/pipe_test/Content/Cinematics/Queue
Found .uasset: C:\Users\admin\Desktop\Project\pipe_test\Content\Cinematics\Queue\His_Sal_Seq_01_1.uasset
Found .uasset: C:\Users\admin\Desktop\Project\pipe_test\Content\Cinematics\Queue\His_Sal_Seq_01\His_Sal_Seq_01_2.uasset
Searching for .uasset files in C:/Users/admin/Desktop/Project/pipe_test/Content/Cinematics/Queue
Found .uasset: C:\Users\admin\Desktop\Project\pipe_test\Content\Cinematics\Queue\His_Sal_Seq_01_1.uasset
Found .uasset: C:\Users\admin\Desktop\Project\pipe_test\Content\Cinematics\Queue\His_Sal_Seq_01\His_Sal_Seq_01_2.uasset
Failed to load queue asset: /Game/Cinematics\Queue\His_Sal_Seq_01_1.uasset
Failed to load queue asset: /Game/Cinematics\Queue\His_Sal_Seq_01\His_Sal_Seq_01_2.uasset
Generated command: "C:\Program Files\Epic Games\UE_5.4\Engine\Binaries\Win64\UnrealEditor-Cmd.exe" "C:\Users\admin\Desktop\Project\pipe_test\pipe_test.uproject" -game -NoSplash -log -RenderOffscreen -NoTextureStreaming -MoviePipelineConfig="t"
RenderScript initialized
Starting script execution
Creating Shotgun session with script: hyo
Fetching software info for Unreal Engine Editor
Found software: Unreal Engine Editor
Fetching task info for task ID: 5827
Found uproject path: C:\Users\admin\Desktop\Project\pipe_test\pipe_test.uproject and movie pipeline config: /Game/Cinematics/Queue
Searching for .uasset files in C:/Users/admin/Desktop/Project/pipe_test/Content/Cinematics/Queue
Found .uasset: C:\Users\admin\Desktop\Project\pipe_test\Content\Cinematics\Queue\His_Sal_Seq_01_1.uasset
Found .uasset: C:\Users\admin\Desktop\Project\pipe_test\Content\Cinematics\Queue\His_Sal_Seq_01\His_Sal_Seq_01_2.uasset
Searching for .uasset files in C:/Users/admin/Desktop/Project/pipe_test/Content/Cinematics/Queue
Found .uasset: C:\Users\admin\Desktop\Project\pipe_test\Content\Cinematics\Queue\His_Sal_Seq_01_1.uasset
Found .uasset: C:\Users\admin\Desktop\Project\pipe_test\Content\Cinematics\Queue\His_Sal_Seq_01\His_Sal_Seq_01_2.uasset
Failed to load queue asset: /Game/Cinematics\Queue\His_Sal_Seq_01_1.uasset
Failed to load queue asset: /Game/Cinematics\Queue\His_Sal_Seq_01\His_Sal_Seq_01_2.uasset
RenderScript initialized
Starting script execution
Creating Shotgun session with script: hyo
Fetching software info for Unreal Engine Editor
Found software: Unreal Engine Editor
Fetching task info for task ID: 5827
Found uproject path: C:\Users\admin\Desktop\Project\pipe_test\pipe_test.uproject and movie pipeline config: /Game/Cinematics/Queue
Searching for .uasset files in C:/Users/admin/Desktop/Project/pipe_test/Content/Cinematics/Queue
Found .uasset: C:\Users\admin\Desktop\Project\pipe_test\Content\Cinematics\Queue\His_Sal_Seq_01_1.uasset
Found .uasset: C:\Users\admin\Desktop\Project\pipe_test\Content\Cinematics\Queue\His_Sal_Seq_01\His_Sal_Seq_01_2.uasset
Searching for .uasset files in C:/Users/admin/Desktop/Project/pipe_test/Content/Cinematics/Queue
Found .uasset: C:\Users\admin\Desktop\Project\pipe_test\Content\Cinematics\Queue\His_Sal_Seq_01_1.uasset
Found .uasset: C:\Users\admin\Desktop\Project\pipe_test\Content\Cinematics\Queue\His_Sal_Seq_01\His_Sal_Seq_01_2.uasset
Failed to load queue asset: /Game/Cinematics\Queue\His_Sal_Seq_01_1.uasset
Failed to load queue asset: /Game/Cinematics\Queue\His_Sal_Seq_01\His_Sal_Seq_01_2.uasset
Script execution finished
RenderScript initialized
Starting script execution
Creating Shotgun session with script: hyo
Fetching software info for Unreal Engine Editor
Found software: Unreal Engine Editor
Fetching task info for task ID: 5827
Found uproject path: C:\Users\admin\Desktop\Project\pipe_test\pipe_test.uproject and movie pipeline config: /Game/Cinematics/Queue
Searching for .uasset files in C:/Users/admin/Desktop/Project/pipe_test/Content/Cinematics/Queue
Found .uasset: C:\Users\admin\Desktop\Project\pipe_test\Content\Cinematics\Queue\His_Sal_Seq_01_1.uasset
Found .uasset: C:\Users\admin\Desktop\Project\pipe_test\Content\Cinematics\Queue\His_Sal_Seq_01\His_Sal_Seq_01_2.uasset
Searching for .uasset files in C:/Users/admin/Desktop/Project/pipe_test/Content/Cinematics/Queue
Found .uasset: C:\Users\admin\Desktop\Project\pipe_test\Content\Cinematics\Queue\His_Sal_Seq_01_1.uasset
Found .uasset: C:\Users\admin\Desktop\Project\pipe_test\Content\Cinematics\Queue\His_Sal_Seq_01\His_Sal_Seq_01_2.uasset
Current Resolution: 1920x1080
Updated Resolution: 3840x2160
Changes saved successfully for /Game/Cinematics/Queue/His_Sal_Seq_01_1.
Current Resolution: 3960x2160
Updated Resolution: 3840x2160
Changes saved successfully for /Game/Cinematics/Queue/His_Sal_Seq_01/His_Sal_Seq_01_2.
**************************************************
Generated CMD: "C:\Program Files\Epic Games\UE_5.4\Engine\Binaries\Win64\UnrealEditor-Cmd.exe" "C:\Users\admin\Desktop\Project\pipe_test\pipe_test.uproject" -game -NoSplash -log -RenderOffscreen -NoTextureStreaming -MoviePipelineConfig="/Game/Cinematics/Queue/His_Sal_Seq_01_1"
**************************************************
Executing command: "C:\Program Files\Epic Games\UE_5.4\Engine\Binaries\Win64\UnrealEditor-Cmd.exe" "C:\Users\admin\Desktop\Project\pipe_test\pipe_test.uproject" -game -NoSplash -log -RenderOffscreen -NoTextureStreaming -MoviePipelineConfig="/Game/Cinematics/Queue/His_Sal_Seq_01_1"
Submitting job 'Render_His_Sal_Seq_01_1.uasset' to Deadline
An unexpected error occurred: [WinError 2] 지정된 파일을 찾을 수 없습니다
Execution time for execute_cmd_command: 91.28 seconds.
**************************************************
Generated CMD: "C:\Program Files\Epic Games\UE_5.4\Engine\Binaries\Win64\UnrealEditor-Cmd.exe" "C:\Users\admin\Desktop\Project\pipe_test\pipe_test.uproject" -game -NoSplash -log -RenderOffscreen -NoTextureStreaming -MoviePipelineConfig="/Game/Cinematics/Queue/His_Sal_Seq_01/His_Sal_Seq_01_2"
**************************************************
Executing command: "C:\Program Files\Epic Games\UE_5.4\Engine\Binaries\Win64\UnrealEditor-Cmd.exe" "C:\Users\admin\Desktop\Project\pipe_test\pipe_test.uproject" -game -NoSplash -log -RenderOffscreen -NoTextureStreaming -MoviePipelineConfig="/Game/Cinematics/Queue/His_Sal_Seq_01/His_Sal_Seq_01_2"
RenderScript initialized
Starting script execution
Creating Shotgun session with script: hyo
Fetching software info for Unreal Engine Editor
Found software: Unreal Engine Editor
Fetching task info for task ID: 5827
Found uproject path: C:\Users\admin\Desktop\Project\pipe_test\pipe_test.uproject and movie pipeline config: /Game/Cinematics/Queue
Searching for .uasset files in C:/Users/admin/Desktop/Project/pipe_test/Content/Cinematics/Queue
Found .uasset: C:\Users\admin\Desktop\Project\pipe_test\Content\Cinematics\Queue\His_Sal_Seq_01_1.uasset
Found .uasset: C:\Users\admin\Desktop\Project\pipe_test\Content\Cinematics\Queue\His_Sal_Seq\His_Sal_Seq_01_2.uasset
Searching for .uasset files in C:/Users/admin/Desktop/Project/pipe_test/Content/Cinematics/Queue
Found .uasset: C:\Users\admin\Desktop\Project\pipe_test\Content\Cinematics\Queue\His_Sal_Seq_01_1.uasset
Found .uasset: C:\Users\admin\Desktop\Project\pipe_test\Content\Cinematics\Queue\His_Sal_Seq\His_Sal_Seq_01_2.uasset
Current Resolution: 1920x1080
Updated Resolution: 3840x2160
Changes saved successfully for /Game/Cinematics/Queue/His_Sal_Seq_01_1.
Current Resolution: 3960x2160
Updated Resolution: 3840x2160
Changes saved successfully for /Game/Cinematics/Queue/His_Sal_Seq/His_Sal_Seq_01_2.
**************************************************
Generated CMD: "C:\Program Files\Epic Games\UE_5.4\Engine\Binaries\Win64\UnrealEditor-Cmd.exe" "C:\Users\admin\Desktop\Project\pipe_test\pipe_test.uproject" -game -NoSplash -log -RenderOffscreen -NoTextureStreaming -MoviePipelineConfig="/Game/Cinematics/Queue/His_Sal_Seq_01_1"
**************************************************
Executing command: "C:\Program Files\Epic Games\UE_5.4\Engine\Binaries\Win64\UnrealEditor-Cmd.exe" "C:\Users\admin\Desktop\Project\pipe_test\pipe_test.uproject" -game -NoSplash -log -RenderOffscreen -NoTextureStreaming -MoviePipelineConfig="/Game/Cinematics/Queue/His_Sal_Seq_01_1"
RenderScript initialized
Starting script execution
Creating Shotgun session with script: hyo
Fetching software info for Unreal Engine Editor
Found software: Unreal Engine Editor
Fetching task info for task ID: 5827
Found uproject path: C:\Users\admin\Desktop\Project\pipe_test\pipe_test.uproject and movie pipeline config: /Game/Cinematics/Queue
Searching for .uasset files in C:/Users/admin/Desktop/Project/pipe_test/Content/Cinematics/Queue
Found .uasset: C:\Users\admin\Desktop\Project\pipe_test\Content\Cinematics\Queue\His_Sal_Seq_01_1.uasset
Found .uasset: C:\Users\admin\Desktop\Project\pipe_test\Content\Cinematics\Queue\His_Sal_Seq\His_Sal_Seq_01_2.uasset
Searching for .uasset files in C:/Users/admin/Desktop/Project/pipe_test/Content/Cinematics/Queue
Found .uasset: C:\Users\admin\Desktop\Project\pipe_test\Content\Cinematics\Queue\His_Sal_Seq_01_1.uasset
Found .uasset: C:\Users\admin\Desktop\Project\pipe_test\Content\Cinematics\Queue\His_Sal_Seq\His_Sal_Seq_01_2.uasset
Current Resolution: 1920x1080
Updated Resolution: 3840x2160
Changes saved successfully for /Game/Cinematics/Queue/His_Sal_Seq_01_1.
Current Resolution: 3960x2160
Updated Resolution: 3840x2160
Changes saved successfully for /Game/Cinematics/Queue/His_Sal_Seq/His_Sal_Seq_01_2.
**************************************************
Generated CMD: "C:\Program Files\Epic Games\UE_5.4\Engine\Binaries\Win64\UnrealEditor-Cmd.exe" "C:\Users\admin\Desktop\Project\pipe_test\pipe_test.uproject" -game -NoSplash -log -RenderOffscreen -NoTextureStreaming -MoviePipelineConfig="/Game/Cinematics/Queue/His_Sal_Seq_01_1"
**************************************************
Executing command: "C:\Program Files\Epic Games\UE_5.4\Engine\Binaries\Win64\UnrealEditor-Cmd.exe" "C:\Users\admin\Desktop\Project\pipe_test\pipe_test.uproject" -game -NoSplash -log -RenderOffscreen -NoTextureStreaming -MoviePipelineConfig="/Game/Cinematics/Queue/His_Sal_Seq_01_1"
RenderScript initialized
Starting script execution
Creating Shotgun session with script: hyo
Fetching software info for Unreal Engine Editor
Found software: Unreal Engine Editor
Fetching task info for task ID: 5827
Found uproject path: C:\Users\admin\Desktop\Project\pipe_test\pipe_test.uproject and movie pipeline config: /Game/Cinematics/Queue
Searching for .uasset files in C:/Users/admin/Desktop/Project/pipe_test/Content/Cinematics/Queue
Found .uasset: C:\Users\admin\Desktop\Project\pipe_test\Content\Cinematics\Queue\His_Sal_Seq_01_1.uasset
Found .uasset: C:\Users\admin\Desktop\Project\pipe_test\Content\Cinematics\Queue\His_Sal_Seq\His_Sal_Seq_01_2.uasset
Searching for .uasset files in C:/Users/admin/Desktop/Project/pipe_test/Content/Cinematics/Queue
Found .uasset: C:\Users\admin\Desktop\Project\pipe_test\Content\Cinematics\Queue\His_Sal_Seq_01_1.uasset
Found .uasset: C:\Users\admin\Desktop\Project\pipe_test\Content\Cinematics\Queue\His_Sal_Seq\His_Sal_Seq_01_2.uasset
Current Resolution: 1920x1080
Updated Resolution: 3840x2160
Changes saved successfully for /Game/Cinematics/Queue/His_Sal_Seq_01_1.
Current Resolution: 3960x2160
Updated Resolution: 3840x2160
Changes saved successfully for /Game/Cinematics/Queue/His_Sal_Seq/His_Sal_Seq_01_2.
**************************************************
Generated CMD: "C:\Program Files\Epic Games\UE_5.4\Engine\Binaries\Win64\UnrealEditor-Cmd.exe" "C:\Users\admin\Desktop\Project\pipe_test\pipe_test.uproject" -game -NoSplash -log -RenderOffscreen -NoTextureStreaming -MoviePipelineConfig="/Game/Cinematics/Queue/His_Sal_Seq_01_1"
**************************************************
Executing command: "C:\Program Files\Epic Games\UE_5.4\Engine\Binaries\Win64\UnrealEditor-Cmd.exe" "C:\Users\admin\Desktop\Project\pipe_test\pipe_test.uproject" -game -NoSplash -log -RenderOffscreen -NoTextureStreaming -MoviePipelineConfig="/Game/Cinematics/Queue/His_Sal_Seq_01_1"
RenderScript initialized
Starting script execution with resolution: 1260x720
Creating Shotgun session with script: hyo
Fetching software info for Unreal Engine Editor
Found software: Unreal Engine Editor
Fetching task info for task ID: 5827
Found uproject path: C:\Users\admin\Desktop\Project\pipe_test\pipe_test.uproject and movie pipeline config: /Game/Cinematics/Queue
Searching for .uasset files in C:/Users/admin/Desktop/Project/pipe_test/Content/Cinematics/Queue
Found .uasset: C:\Users\admin\Desktop\Project\pipe_test\Content\Cinematics\Queue\His_Sal_Seq_01_1.uasset
Found .uasset: C:\Users\admin\Desktop\Project\pipe_test\Content\Cinematics\Queue\His_Sal_Seq\His_Sal_Seq_01_2.uasset
Updating Resolution to: 1260x720
Saved changes for /Game/Cinematics/Queue/His_Sal_Seq_01_1.
Updating Resolution to: 1260x720
Saved changes for /Game/Cinematics/Queue/His_Sal_Seq/His_Sal_Seq_01_2.
Searching for .uasset files in C:/Users/admin/Desktop/Project/pipe_test/Content/Cinematics/Queue
Found .uasset: C:\Users\admin\Desktop\Project\pipe_test\Content\Cinematics\Queue\His_Sal_Seq_01_1.uasset
Found .uasset: C:\Users\admin\Desktop\Project\pipe_test\Content\Cinematics\Queue\His_Sal_Seq\His_Sal_Seq_01_2.uasset
Executing command: "C:\Program Files\Epic Games\UE_5.4\Engine\Binaries\Win64\UnrealEditor-Cmd.exe" "C:\Users\admin\Desktop\Project\pipe_test\pipe_test.uproject" -game -NoSplash -log -RenderOffscreen -NoTextureStreaming -MoviePipelineConfig="/Game/Cinematics/Queue/His_Sal_Seq_01_1"
Submitting job 'Render_His_Sal_Seq_01_1.uasset' to Deadline
An unexpected error occurred: [WinError 2] 지정된 파일을 찾을 수 없습니다
Execution time for execute_cmd_command: 99.23 seconds.
Executing command: "C:\Program Files\Epic Games\UE_5.4\Engine\Binaries\Win64\UnrealEditor-Cmd.exe" "C:\Users\admin\Desktop\Project\pipe_test\pipe_test.uproject" -game -NoSplash -log -RenderOffscreen -NoTextureStreaming -MoviePipelineConfig="/Game/Cinematics/Queue/His_Sal_Seq/His_Sal_Seq_01_2"
RenderScript initialized
Starting script execution
Creating Shotgun session with script: hyo
Fetching software info for Unreal Engine Editor
Found software: Unreal Engine Editor
Fetching task info for task ID: 5827
Found uproject path: C:\Users\admin\Desktop\Project\pipe_test\pipe_test.uproject and movie pipeline config: /Game/Cinematics/Queue
Searching for .uasset files in C:/Users/admin/Desktop/Project/pipe_test/Content/Cinematics/Queue
Found .uasset: C:\Users\admin\Desktop\Project\pipe_test\Content\Cinematics\Queue\His_Sal_Seq_01_1.uasset
Found .uasset: C:\Users\admin\Desktop\Project\pipe_test\Content\Cinematics\Queue\His_Sal_Seq\His_Sal_Seq_01_2.uasset
Searching for .uasset files in C:/Users/admin/Desktop/Project/pipe_test/Content/Cinematics/Queue
Found .uasset: C:\Users\admin\Desktop\Project\pipe_test\Content\Cinematics\Queue\His_Sal_Seq_01_1.uasset
Found .uasset: C:\Users\admin\Desktop\Project\pipe_test\Content\Cinematics\Queue\His_Sal_Seq\His_Sal_Seq_01_2.uasset
Current Resolution: 1920x1080
Updated Resolution: 3960x2160
Changes saved successfully for /Game/Cinematics/Queue/His_Sal_Seq_01_1.
Current Resolution: 3960x2160
Updated Resolution: 3960x2160
Changes saved successfully for /Game/Cinematics/Queue/His_Sal_Seq/His_Sal_Seq_01_2.
**************************************************
Generated CMD: "C:\Program Files\Epic Games\UE_5.4\Engine\Binaries\Win64\UnrealEditor-Cmd.exe" "C:\Users\admin\Desktop\Project\pipe_test\pipe_test.uproject" -game -NoSplash -log -RenderOffscreen -NoTextureStreaming -MoviePipelineConfig="/Game/Cinematics/Queue/His_Sal_Seq_01_1"
**************************************************
Executing command: "C:\Program Files\Epic Games\UE_5.4\Engine\Binaries\Win64\UnrealEditor-Cmd.exe" "C:\Users\admin\Desktop\Project\pipe_test\pipe_test.uproject" -game -NoSplash -log -RenderOffscreen -NoTextureStreaming -MoviePipelineConfig="/Game/Cinematics/Queue/His_Sal_Seq_01_1"
Submitting job 'Render_His_Sal_Seq_01_1.uasset' to Deadline
An unexpected error occurred: [WinError 2] 지정된 파일을 찾을 수 없습니다
Execution time for execute_cmd_command: 173.50 seconds.
**************************************************
Generated CMD: "C:\Program Files\Epic Games\UE_5.4\Engine\Binaries\Win64\UnrealEditor-Cmd.exe" "C:\Users\admin\Desktop\Project\pipe_test\pipe_test.uproject" -game -NoSplash -log -RenderOffscreen -NoTextureStreaming -MoviePipelineConfig="/Game/Cinematics/Queue/His_Sal_Seq/His_Sal_Seq_01_2"
**************************************************
Executing command: "C:\Program Files\Epic Games\UE_5.4\Engine\Binaries\Win64\UnrealEditor-Cmd.exe" "C:\Users\admin\Desktop\Project\pipe_test\pipe_test.uproject" -game -NoSplash -log -RenderOffscreen -NoTextureStreaming -MoviePipelineConfig="/Game/Cinematics/Queue/His_Sal_Seq/His_Sal_Seq_01_2"
RenderScript initialized
Starting script execution
Creating Shotgun session with script: hyo
Fetching software info for Unreal Engine Editor
Found software: Unreal Engine Editor
Fetching task info for task ID: 5827
Found uproject path: C:\Users\admin\Desktop\Project\pipe_test\pipe_test.uproject and movie pipeline config: /Game/Cinematics/Queue
Searching for .uasset files in C:/Users/admin/Desktop/Project/pipe_test/Content/Cinematics/Queue
Found .uasset: C:\Users\admin\Desktop\Project\pipe_test\Content\Cinematics\Queue\His_Sal_Seq_01_1.uasset
Found .uasset: C:\Users\admin\Desktop\Project\pipe_test\Content\Cinematics\Queue\His_Sal_Seq\His_Sal_Seq_01_2.uasset
Searching for .uasset files in C:/Users/admin/Desktop/Project/pipe_test/Content/Cinematics/Queue
Found .uasset: C:\Users\admin\Desktop\Project\pipe_test\Content\Cinematics\Queue\His_Sal_Seq_01_1.uasset
Found .uasset: C:\Users\admin\Desktop\Project\pipe_test\Content\Cinematics\Queue\His_Sal_Seq\His_Sal_Seq_01_2.uasset
Current Resolution: 1920x1080
Updated Resolution: 3960x2160
Changes saved successfully for /Game/Cinematics/Queue/His_Sal_Seq_01_1.
Current Resolution: 1260x720
Updated Resolution: 3960x2160
Changes saved successfully for /Game/Cinematics/Queue/His_Sal_Seq/His_Sal_Seq_01_2.
**************************************************
Generated CMD: "C:\Program Files\Epic Games\UE_5.4\Engine\Binaries\Win64\UnrealEditor-Cmd.exe" "C:\Users\admin\Desktop\Project\pipe_test\pipe_test.uproject" -game -NoSplash -log -RenderOffscreen -NoTextureStreaming -MoviePipelineConfig="/Game/Cinematics/Queue/His_Sal_Seq_01_1"
**************************************************
Executing command: "C:\Program Files\Epic Games\UE_5.4\Engine\Binaries\Win64\UnrealEditor-Cmd.exe" "C:\Users\admin\Desktop\Project\pipe_test\pipe_test.uproject" -game -NoSplash -log -RenderOffscreen -NoTextureStreaming -MoviePipelineConfig="/Game/Cinematics/Queue/His_Sal_Seq_01_1"
Submitting job 'Render_His_Sal_Seq_01_1.uasset' to Deadline
An unexpected error occurred: [WinError 2] 지정된 파일을 찾을 수 없습니다
Execution time for execute_cmd_command: 89.79 seconds.
**************************************************
Generated CMD: "C:\Program Files\Epic Games\UE_5.4\Engine\Binaries\Win64\UnrealEditor-Cmd.exe" "C:\Users\admin\Desktop\Project\pipe_test\pipe_test.uproject" -game -NoSplash -log -RenderOffscreen -NoTextureStreaming -MoviePipelineConfig="/Game/Cinematics/Queue/His_Sal_Seq/His_Sal_Seq_01_2"
**************************************************
Executing command: "C:\Program Files\Epic Games\UE_5.4\Engine\Binaries\Win64\UnrealEditor-Cmd.exe" "C:\Users\admin\Desktop\Project\pipe_test\pipe_test.uproject" -game -NoSplash -log -RenderOffscreen -NoTextureStreaming -MoviePipelineConfig="/Game/Cinematics/Queue/His_Sal_Seq/His_Sal_Seq_01_2"
Submitting job 'Render_His_Sal_Seq_01_1.uasset' to Deadline
An unexpected error occurred: [WinError 2] 지정된 파일을 찾을 수 없습니다
Execution time for execute_cmd_command: 69.03 seconds.
**************************************************
Generated CMD: "C:\Program Files\Epic Games\UE_5.4\Engine\Binaries\Win64\UnrealEditor-Cmd.exe" "C:\Users\admin\Desktop\Project\pipe_test\pipe_test.uproject" -game -NoSplash -log -RenderOffscreen -NoTextureStreaming -MoviePipelineConfig="/Game/Cinematics/Queue/His_Sal_Seq_01_1"
**************************************************
Executing command: "C:\Program Files\Epic Games\UE_5.4\Engine\Binaries\Win64\UnrealEditor-Cmd.exe" "C:\Users\admin\Desktop\Project\pipe_test\pipe_test.uproject" -game -NoSplash -log -RenderOffscreen -NoTextureStreaming -MoviePipelineConfig="/Game/Cinematics/Queue/His_Sal_Seq_01_1"
Submitting job 'Render_His_Sal_Seq_01_2.uasset' to Deadline
An unexpected error occurred: [WinError 2] 지정된 파일을 찾을 수 없습니다
Execution time for execute_cmd_command: 102.64 seconds.
**************************************************
Generated CMD: "C:\Program Files\Epic Games\UE_5.4\Engine\Binaries\Win64\UnrealEditor-Cmd.exe" "C:\Users\admin\Desktop\Project\pipe_test\pipe_test.uproject" -game -NoSplash -log -RenderOffscreen -NoTextureStreaming -MoviePipelineConfig="/Game/Cinematics/Queue/His_Sal_Seq/His_Sal_Seq_01_2"
**************************************************
Executing command: "C:\Program Files\Epic Games\UE_5.4\Engine\Binaries\Win64\UnrealEditor-Cmd.exe" "C:\Users\admin\Desktop\Project\pipe_test\pipe_test.uproject" -game -NoSplash -log -RenderOffscreen -NoTextureStreaming -MoviePipelineConfig="/Game/Cinematics/Queue/His_Sal_Seq/His_Sal_Seq_01_2"
Submitting job 'Render_His_Sal_Seq_01_2.uasset' to Deadline
An unexpected error occurred: [WinError 2] 지정된 파일을 찾을 수 없습니다
Execution time for execute_cmd_command: 66.97 seconds.
Script execution finished
RenderScript initialized
Starting script execution
Creating Shotgun session with script: hyo
Fetching software info for Unreal Engine Editor
Found software: Unreal Engine Editor
Fetching task info for task ID: 5827
Found uproject path: C:\Users\admin\Desktop\Project\pipe_test\pipe_test.uproject and movie pipeline config: /Game/Cinematics/Queue
Searching for .uasset files in C:/Users/admin/Desktop/Project/pipe_test/Content/Cinematics/Queue
Found .uasset: C:\Users\admin\Desktop\Project\pipe_test\Content\Cinematics\Queue\His_Sal_Seq_01_1.uasset
Found .uasset: C:\Users\admin\Desktop\Project\pipe_test\Content\Cinematics\Queue\His_Sal_Seq\His_Sal_Seq_01_2.uasset
Searching for .uasset files in C:/Users/admin/Desktop/Project/pipe_test/Content/Cinematics/Queue
Found .uasset: C:\Users\admin\Desktop\Project\pipe_test\Content\Cinematics\Queue\His_Sal_Seq_01_1.uasset
Found .uasset: C:\Users\admin\Desktop\Project\pipe_test\Content\Cinematics\Queue\His_Sal_Seq\His_Sal_Seq_01_2.uasset
Current Resolution: 1920x1080
Updated Resolution: 3960x2160
Changes saved successfully for /Game/Cinematics/Queue/His_Sal_Seq_01_1
Current Resolution: 1260x720
Updated Resolution: 3960x2160
Changes saved successfully for /Game/Cinematics/Queue/His_Sal_Seq/His_Sal_Seq_01_2
**************************************************
Generated CMD: "C:\Program Files\Epic Games\UE_5.4\Engine\Binaries\Win64\UnrealEditor-Cmd.exe" "C:\Users\admin\Desktop\Project\pipe_test\pipe_test.uproject" -game -NoSplash -log -RenderOffscreen -NoTextureStreaming -MoviePipelineConfig="/Game/Cinematics/Queue/His_Sal_Seq_01_1"
**************************************************
Executing command: "C:\Program Files\Epic Games\UE_5.4\Engine\Binaries\Win64\UnrealEditor-Cmd.exe" "C:\Users\admin\Desktop\Project\pipe_test\pipe_test.uproject" -game -NoSplash -log -RenderOffscreen -NoTextureStreaming -MoviePipelineConfig="/Game/Cinematics/Queue/His_Sal_Seq_01_1"
Submitting job 'Render_His_Sal_Seq_01_1.uasset' to Deadline
An unexpected error occurred: [WinError 2] 지정된 파일을 찾을 수 없습니다
Execution time for execute_cmd_command: 99.80 seconds.
**************************************************
Generated CMD: "C:\Program Files\Epic Games\UE_5.4\Engine\Binaries\Win64\UnrealEditor-Cmd.exe" "C:\Users\admin\Desktop\Project\pipe_test\pipe_test.uproject" -game -NoSplash -log -RenderOffscreen -NoTextureStreaming -MoviePipelineConfig="/Game/Cinematics/Queue/His_Sal_Seq/His_Sal_Seq_01_2"
**************************************************
Executing command: "C:\Program Files\Epic Games\UE_5.4\Engine\Binaries\Win64\UnrealEditor-Cmd.exe" "C:\Users\admin\Desktop\Project\pipe_test\pipe_test.uproject" -game -NoSplash -log -RenderOffscreen -NoTextureStreaming -MoviePipelineConfig="/Game/Cinematics/Queue/His_Sal_Seq/His_Sal_Seq_01_2"
RenderScript initialized
Starting script execution
Creating Shotgun session with script: hyo
Fetching software info for Unreal Engine Editor
Found software: Unreal Engine Editor
Fetching task info for task ID: 5827
Found uproject path: C:\Users\admin\Desktop\Project\pipe_test\pipe_test.uproject and movie pipeline config: /Game/Cinematics/Queue
Searching for .uasset files in C:/Users/admin/Desktop/Project/pipe_test/Content/Cinematics/Queue
Found .uasset: C:\Users\admin\Desktop\Project\pipe_test\Content\Cinematics\Queue\His_Sal_Seq_01_1.uasset
Found .uasset: C:\Users\admin\Desktop\Project\pipe_test\Content\Cinematics\Queue\His_Sal_Seq\His_Sal_Seq_01_2.uasset
Searching for .uasset files in C:/Users/admin/Desktop/Project/pipe_test/Content/Cinematics/Queue
Found .uasset: C:\Users\admin\Desktop\Project\pipe_test\Content\Cinematics\Queue\His_Sal_Seq_01_1.uasset
Found .uasset: C:\Users\admin\Desktop\Project\pipe_test\Content\Cinematics\Queue\His_Sal_Seq\His_Sal_Seq_01_2.uasset
Current Resolution: 1920x1080
Updated Resolution: 3960x2160
Changes saved successfully for /Game/Cinematics/Queue/His_Sal_Seq_01_1
Current Resolution: 1260x720
Updated Resolution: 3960x2160
Changes saved successfully for /Game/Cinematics/Queue/His_Sal_Seq/His_Sal_Seq_01_2
**************************************************
Generated CMD: "C:\Program Files\Epic Games\UE_5.4\Engine\Binaries\Win64\UnrealEditor-Cmd.exe" "C:\Users\admin\Desktop\Project\pipe_test\pipe_test.uproject" -game -NoSplash -log -RenderOffscreen -NoTextureStreaming -MoviePipelineConfig="/Game/Cinematics/Queue/His_Sal_Seq_01_1"
**************************************************
Executing command: "C:\Program Files\Epic Games\UE_5.4\Engine\Binaries\Win64\UnrealEditor-Cmd.exe" "C:\Users\admin\Desktop\Project\pipe_test\pipe_test.uproject" -game -NoSplash -log -RenderOffscreen -NoTextureStreaming -MoviePipelineConfig="/Game/Cinematics/Queue/His_Sal_Seq_01_1"
Submitting job 'Render_His_Sal_Seq_01_1.uasset' to Deadline
An unexpected error occurred: [WinError 2] 지정된 파일을 찾을 수 없습니다
Execution time for execute_cmd_command: 97.04 seconds.
**************************************************
Generated CMD: "C:\Program Files\Epic Games\UE_5.4\Engine\Binaries\Win64\UnrealEditor-Cmd.exe" "C:\Users\admin\Desktop\Project\pipe_test\pipe_test.uproject" -game -NoSplash -log -RenderOffscreen -NoTextureStreaming -MoviePipelineConfig="/Game/Cinematics/Queue/His_Sal_Seq/His_Sal_Seq_01_2"
**************************************************
Executing command: "C:\Program Files\Epic Games\UE_5.4\Engine\Binaries\Win64\UnrealEditor-Cmd.exe" "C:\Users\admin\Desktop\Project\pipe_test\pipe_test.uproject" -game -NoSplash -log -RenderOffscreen -NoTextureStreaming -MoviePipelineConfig="/Game/Cinematics/Queue/His_Sal_Seq/His_Sal_Seq_01_2"
RenderScript initialized
Starting script execution
Creating Shotgun session with script: hyo
Fetching software info for Unreal Engine Editor
Found software: Unreal Engine Editor
Fetching task info for task ID: 5827
Found uproject path: C:\Users\admin\Desktop\Project\pipe_test\pipe_test.uproject and movie pipeline config: /Game/Cinematics/Queue
Searching for .uasset files in C:/Users/admin/Desktop/Project/pipe_test/Content/Cinematics/Queue
Found .uasset: C:\Users\admin\Desktop\Project\pipe_test\Content\Cinematics\Queue\His_Sal_Seq_01_1.uasset
Found .uasset: C:\Users\admin\Desktop\Project\pipe_test\Content\Cinematics\Queue\His_Sal_Seq\His_Sal_Seq_01_2.uasset
Searching for .uasset files in C:/Users/admin/Desktop/Project/pipe_test/Content/Cinematics/Queue
Found .uasset: C:\Users\admin\Desktop\Project\pipe_test\Content\Cinematics\Queue\His_Sal_Seq_01_1.uasset
Found .uasset: C:\Users\admin\Desktop\Project\pipe_test\Content\Cinematics\Queue\His_Sal_Seq\His_Sal_Seq_01_2.uasset
Current Resolution: 1920x1080
Updated Resolution: 3960x2160
Changes saved successfully for /Game/Cinematics/Queue/His_Sal_Seq_01_1
Current Resolution: 1260x720
Updated Resolution: 3960x2160
Changes saved successfully for /Game/Cinematics/Queue/His_Sal_Seq/His_Sal_Seq_01_2
**************************************************
Generated CMD: "C:\Program Files\Epic Games\UE_5.4\Engine\Binaries\Win64\UnrealEditor-Cmd.exe" "C:\Users\admin\Desktop\Project\pipe_test\pipe_test.uproject" -game -NoSplash -log -RenderOffscreen -NoTextureStreaming -MoviePipelineConfig="/Game/Cinematics/Queue/His_Sal_Seq_01_1"
**************************************************
Executing command: "C:\Program Files\Epic Games\UE_5.4\Engine\Binaries\Win64\UnrealEditor-Cmd.exe" "C:\Users\admin\Desktop\Project\pipe_test\pipe_test.uproject" -game -NoSplash -log -RenderOffscreen -NoTextureStreaming -MoviePipelineConfig="/Game/Cinematics/Queue/His_Sal_Seq_01_1"
RenderScript initialized
Starting script execution
Creating Shotgun session with script: hyo
Fetching software info for Unreal Engine Editor
Found software: Unreal Engine Editor
Fetching task info for task ID: 5827
Found uproject path: C:\Users\admin\Desktop\Project\pipe_test\pipe_test.uproject and movie pipeline config: /Game/Cinematics/Queue
Searching for .uasset files in C:/Users/admin/Desktop/Project/pipe_test/Content/Cinematics/Queue
Found .uasset: C:\Users\admin\Desktop\Project\pipe_test\Content\Cinematics\Queue\His_Sal_Seq_01_1.uasset
Found .uasset: C:\Users\admin\Desktop\Project\pipe_test\Content\Cinematics\Queue\His_Sal_Seq\His_Sal_Seq_01_2.uasset
Searching for .uasset files in C:/Users/admin/Desktop/Project/pipe_test/Content/Cinematics/Queue
Found .uasset: C:\Users\admin\Desktop\Project\pipe_test\Content\Cinematics\Queue\His_Sal_Seq_01_1.uasset
Found .uasset: C:\Users\admin\Desktop\Project\pipe_test\Content\Cinematics\Queue\His_Sal_Seq\His_Sal_Seq_01_2.uasset
Current Resolution: 1920x1080
Updated Resolution: 3960x2160
Changes saved successfully for /Game/Cinematics/Queue/His_Sal_Seq_01_1
Final Resolution: 3960x2160
Current Resolution: 1260x720
Updated Resolution: 3960x2160
Changes saved successfully for /Game/Cinematics/Queue/His_Sal_Seq/His_Sal_Seq_01_2
Final Resolution: 3960x2160
**************************************************
Generated CMD: "C:\Program Files\Epic Games\UE_5.4\Engine\Binaries\Win64\UnrealEditor-Cmd.exe" "C:\Users\admin\Desktop\Project\pipe_test\pipe_test.uproject" -game -NoSplash -log -RenderOffscreen -NoTextureStreaming -MoviePipelineConfig="/Game/Cinematics/Queue/His_Sal_Seq_01_1"
**************************************************
Executing command: "C:\Program Files\Epic Games\UE_5.4\Engine\Binaries\Win64\UnrealEditor-Cmd.exe" "C:\Users\admin\Desktop\Project\pipe_test\pipe_test.uproject" -game -NoSplash -log -RenderOffscreen -NoTextureStreaming -MoviePipelineConfig="/Game/Cinematics/Queue/His_Sal_Seq_01_1"
RenderScript initialized
Starting script execution
Creating Shotgun session with script: hyo
Fetching software info for Unreal Engine Editor
Found software: Unreal Engine Editor
Fetching task info for task ID: 5827
Found uproject path: C:\Users\admin\Desktop\Project\pipe_test\pipe_test.uproject and movie pipeline config: /Game/Cinematics/Queue
Searching for .uasset files in C:/Users/admin/Desktop/Project/pipe_test/Content/Cinematics/Queue
Found .uasset: C:\Users\admin\Desktop\Project\pipe_test\Content\Cinematics\Queue\His_Sal_Seq_01_1.uasset
Found .uasset: C:\Users\admin\Desktop\Project\pipe_test\Content\Cinematics\Queue\His_Sal_Seq\His_Sal_Seq_01_2.uasset
Searching for .uasset files in C:/Users/admin/Desktop/Project/pipe_test/Content/Cinematics/Queue
Found .uasset: C:\Users\admin\Desktop\Project\pipe_test\Content\Cinematics\Queue\His_Sal_Seq_01_1.uasset
Found .uasset: C:\Users\admin\Desktop\Project\pipe_test\Content\Cinematics\Queue\His_Sal_Seq\His_Sal_Seq_01_2.uasset
Current Resolution: 1920x1080
Updated Resolution: 3960x2160
Changes saved successfully for /Game/Cinematics/Queue/His_Sal_Seq_01_1
Final Resolution: 3960x2160
Current Resolution: 1260x720
Updated Resolution: 3960x2160
Changes saved successfully for /Game/Cinematics/Queue/His_Sal_Seq/His_Sal_Seq_01_2
Final Resolution: 3960x2160
**************************************************
Generated CMD: "C:\Program Files\Epic Games\UE_5.4\Engine\Binaries\Win64\UnrealEditor-Cmd.exe" "C:\Users\admin\Desktop\Project\pipe_test\pipe_test.uproject" -game -NoSplash -log -RenderOffscreen -NoTextureStreaming -MoviePipelineConfig="/Game/Cinematics/Queue/His_Sal_Seq_01_1"
**************************************************
Executing command: "C:\Program Files\Epic Games\UE_5.4\Engine\Binaries\Win64\UnrealEditor-Cmd.exe" "C:\Users\admin\Desktop\Project\pipe_test\pipe_test.uproject" -game -NoSplash -log -RenderOffscreen -NoTextureStreaming -MoviePipelineConfig="/Game/Cinematics/Queue/His_Sal_Seq_01_1"
