Starting script execution
Creating Shotgun session with script: hyo
Fetching software info for Unreal Engine Editor
Found software: Unreal Engine Editor
Fetching task info for task ID: 5849
Found uproject path: C:\Users\admin\Desktop\Project\pipe_test\pipe_test.uproject and movie pipeline config: /Game/Cinematics/Queue
Searching for .uasset files in C:/Users/admin/Desktop/Project/pipe_test/Content/Cinematics/Queue
Found .uasset: C:/Users/admin/Desktop/Project/pipe_test/Content/Cinematics/Queue\MyRenderQueue_1.uasset
Found .uasset: C:/Users/admin/Desktop/Project/pipe_test/Content/Cinematics/Queue\test\MyRenderQueue_2.uasset
**************************************************
Processing: C:/Users/admin/Desktop/Project/pipe_test/Content/Cinematics/Queue\MyRenderQueue_1.uasset
Generated CMD: "C:\Program Files\Epic Games\UE_5.4\Engine\Binaries\Win64\UnrealEditor-Cmd.exe" "C:\Users\admin\Desktop\Project\pipe_test\pipe_test.uproject" -game -NoSplash -log -windowed -ForceRes -NoTextureStreaming -MoviePipelineConfig="/Game/Cinematics/Queue/MyRenderQueue_1" -override_config="MoviePipeline.OutputPath=C:/RenderOutput\exr" -override_config="MoviePipeline.OutputResolution=(X=1280,Y=720)" -override_config="MoviePipeline.TargetFPS=24.0" -override_config="MoviePipeline.SamplesPerPixel=64" -override_config="MoviePipeline.OutputFormat=EXR" -ExecuteAutomation -RenderOffscreen
**************************************************
Executing command: "C:\Program Files\Epic Games\UE_5.4\Engine\Binaries\Win64\UnrealEditor-Cmd.exe" "C:\Users\admin\Desktop\Project\pipe_test\pipe_test.uproject" -game -NoSplash -log -windowed -ForceRes -NoTextureStreaming -MoviePipelineConfig="/Game/Cinematics/Queue/MyRenderQueue_1" -override_config="MoviePipeline.OutputPath=C:/RenderOutput\exr" -override_config="MoviePipeline.OutputResolution=(X=1280,Y=720)" -override_config="MoviePipeline.TargetFPS=24.0" -override_config="MoviePipeline.SamplesPerPixel=64" -override_config="MoviePipeline.OutputFormat=EXR" -ExecuteAutomation -RenderOffscreen
**************************************************
Processing: C:/Users/admin/Desktop/Project/pipe_test/Content/Cinematics/Queue\test\MyRenderQueue_2.uasset
Generated CMD: "C:\Program Files\Epic Games\UE_5.4\Engine\Binaries\Win64\UnrealEditor-Cmd.exe" "C:\Users\admin\Desktop\Project\pipe_test\pipe_test.uproject" -game -NoSplash -log -windowed -ForceRes -NoTextureStreaming -MoviePipelineConfig="/Game/Cinematics/Queue/test/MyRenderQueue_2" -override_config="MoviePipeline.OutputPath=C:/RenderOutput\exr" -override_config="MoviePipeline.OutputResolution=(X=1280,Y=720)" -override_config="MoviePipeline.TargetFPS=24.0" -override_config="MoviePipeline.SamplesPerPixel=64" -override_config="MoviePipeline.OutputFormat=EXR" -ExecuteAutomation -RenderOffscreen
**************************************************
Executing command: "C:\Program Files\Epic Games\UE_5.4\Engine\Binaries\Win64\UnrealEditor-Cmd.exe" "C:\Users\admin\Desktop\Project\pipe_test\pipe_test.uproject" -game -NoSplash -log -windowed -ForceRes -NoTextureStreaming -MoviePipelineConfig="/Game/Cinematics/Queue/test/MyRenderQueue_2" -override_config="MoviePipeline.OutputPath=C:/RenderOutput\exr" -override_config="MoviePipeline.OutputResolution=(X=1280,Y=720)" -override_config="MoviePipeline.TargetFPS=24.0" -override_config="MoviePipeline.SamplesPerPixel=64" -override_config="MoviePipeline.OutputFormat=EXR" -ExecuteAutomation -RenderOffscreen
Starting script execution
Creating Shotgun session with script: hyo
Fetching software info for Unreal Engine Editor
Found software: Unreal Engine Editor
Fetching task info for task ID: 5849
Found uproject path: C:\Users\admin\Desktop\Project\pipe_test\pipe_test.uproject and movie pipeline config: /Game/Cinematics/Queue
Searching for .uasset files in C:/Users/admin/Desktop/Project/pipe_test/Content/Cinematics/Queue
Found .uasset: C:/Users/admin/Desktop/Project/pipe_test/Content/Cinematics/Queue\MyRenderQueue_1.uasset
Found .uasset: C:/Users/admin/Desktop/Project/pipe_test/Content/Cinematics/Queue\test\MyRenderQueue_2.uasset
**************************************************
Processing: C:/Users/admin/Desktop/Project/pipe_test/Content/Cinematics/Queue\MyRenderQueue_1.uasset
Generated CMD: "C:\Program Files\Epic Games\UE_5.4\Engine\Binaries\Win64\UnrealEditor-Cmd.exe" "C:\Users\admin\Desktop\Project\pipe_test\pipe_test.uproject" -game -NoSplash -log -windowed -ForceRes -NoTextureStreaming -MoviePipelineConfig="/Game/Cinematics/Queue/MyRenderQueue_1" -override_config="MoviePipeline.OutputPath=C:/RenderOutput\exr" -override_config="MoviePipeline.OutputResolution=(X=1280,Y=720)" -override_config="MoviePipeline.TargetFPS=24.0" -override_config="MoviePipeline.SamplesPerPixel=64" -override_config="MoviePipeline.OutputFormat=EXR" -ExecuteAutomation -RenderOffscreen
**************************************************
Executing command: "C:\Program Files\Epic Games\UE_5.4\Engine\Binaries\Win64\UnrealEditor-Cmd.exe" "C:\Users\admin\Desktop\Project\pipe_test\pipe_test.uproject" -game -NoSplash -log -windowed -ForceRes -NoTextureStreaming -MoviePipelineConfig="/Game/Cinematics/Queue/MyRenderQueue_1" -override_config="MoviePipeline.OutputPath=C:/RenderOutput\exr" -override_config="MoviePipeline.OutputResolution=(X=1280,Y=720)" -override_config="MoviePipeline.TargetFPS=24.0" -override_config="MoviePipeline.SamplesPerPixel=64" -override_config="MoviePipeline.OutputFormat=EXR" -ExecuteAutomation -RenderOffscreen
**************************************************
Processing: C:/Users/admin/Desktop/Project/pipe_test/Content/Cinematics/Queue\test\MyRenderQueue_2.uasset
Generated CMD: "C:\Program Files\Epic Games\UE_5.4\Engine\Binaries\Win64\UnrealEditor-Cmd.exe" "C:\Users\admin\Desktop\Project\pipe_test\pipe_test.uproject" -game -NoSplash -log -windowed -ForceRes -NoTextureStreaming -MoviePipelineConfig="/Game/Cinematics/Queue/test/MyRenderQueue_2" -override_config="MoviePipeline.OutputPath=C:/RenderOutput\exr" -override_config="MoviePipeline.OutputResolution=(X=1280,Y=720)" -override_config="MoviePipeline.TargetFPS=24.0" -override_config="MoviePipeline.SamplesPerPixel=64" -override_config="MoviePipeline.OutputFormat=EXR" -ExecuteAutomation -RenderOffscreen
**************************************************
Executing command: "C:\Program Files\Epic Games\UE_5.4\Engine\Binaries\Win64\UnrealEditor-Cmd.exe" "C:\Users\admin\Desktop\Project\pipe_test\pipe_test.uproject" -game -NoSplash -log -windowed -ForceRes -NoTextureStreaming -MoviePipelineConfig="/Game/Cinematics/Queue/test/MyRenderQueue_2" -override_config="MoviePipeline.OutputPath=C:/RenderOutput\exr" -override_config="MoviePipeline.OutputResolution=(X=1280,Y=720)" -override_config="MoviePipeline.TargetFPS=24.0" -override_config="MoviePipeline.SamplesPerPixel=64" -override_config="MoviePipeline.OutputFormat=EXR" -ExecuteAutomation -RenderOffscreen
Script execution finished
Starting script execution
Creating Shotgun session with script: hyo
Fetching software info for Unreal Engine Editor
Found software: Unreal Engine Editor
Fetching task info for task ID: 5849
Found uproject path: C:\Users\admin\Desktop\Project\pipe_test\pipe_test.uproject and movie pipeline config: /Game/Cinematics/Queue
Searching for .uasset files in C:/Users/admin/Desktop/Project/pipe_test/Content/Cinematics/Queue
Found .uasset: C:/Users/admin/Desktop/Project/pipe_test/Content/Cinematics/Queue\MyRenderQueue_1.uasset
Found .uasset: C:/Users/admin/Desktop/Project/pipe_test/Content/Cinematics/Queue\test\MyRenderQueue_2.uasset
**************************************************
Processing: C:/Users/admin/Desktop/Project/pipe_test/Content/Cinematics/Queue\MyRenderQueue_1.uasset
Generated CMD: "C:\Program Files\Epic Games\UE_5.4\Engine\Binaries\Win64\UnrealEditor-Cmd.exe" "C:\Users\admin\Desktop\Project\pipe_test\pipe_test.uproject" -game -NoSplash -log -windowed -ForceRes -NoTextureStreaming -MoviePipelineConfig="/Game/Cinematics/Queue/MyRenderQueue_1" -override_config="MoviePipeline.OutputPath=C:/RenderOutput\exr" -override_config="MoviePipeline.OutputResolution=(X=1280,Y=720)" -override_config="MoviePipeline.TargetFPS=24.0" -override_config="MoviePipeline.SamplesPerPixel=64" -override_config="MoviePipeline.OutputFormat=EXR" -ExecuteAutomation -RenderOffscreen
**************************************************
Executing command: "C:\Program Files\Epic Games\UE_5.4\Engine\Binaries\Win64\UnrealEditor-Cmd.exe" "C:\Users\admin\Desktop\Project\pipe_test\pipe_test.uproject" -game -NoSplash -log -windowed -ForceRes -NoTextureStreaming -MoviePipelineConfig="/Game/Cinematics/Queue/MyRenderQueue_1" -override_config="MoviePipeline.OutputPath=C:/RenderOutput\exr" -override_config="MoviePipeline.OutputResolution=(X=1280,Y=720)" -override_config="MoviePipeline.TargetFPS=24.0" -override_config="MoviePipeline.SamplesPerPixel=64" -override_config="MoviePipeline.OutputFormat=EXR" -ExecuteAutomation -RenderOffscreen
**************************************************
Processing: C:/Users/admin/Desktop/Project/pipe_test/Content/Cinematics/Queue\test\MyRenderQueue_2.uasset
Generated CMD: "C:\Program Files\Epic Games\UE_5.4\Engine\Binaries\Win64\UnrealEditor-Cmd.exe" "C:\Users\admin\Desktop\Project\pipe_test\pipe_test.uproject" -game -NoSplash -log -windowed -ForceRes -NoTextureStreaming -MoviePipelineConfig="/Game/Cinematics/Queue/test/MyRenderQueue_2" -override_config="MoviePipeline.OutputPath=C:/RenderOutput\exr" -override_config="MoviePipeline.OutputResolution=(X=1280,Y=720)" -override_config="MoviePipeline.TargetFPS=24.0" -override_config="MoviePipeline.SamplesPerPixel=64" -override_config="MoviePipeline.OutputFormat=EXR" -ExecuteAutomation -RenderOffscreen
**************************************************
Executing command: "C:\Program Files\Epic Games\UE_5.4\Engine\Binaries\Win64\UnrealEditor-Cmd.exe" "C:\Users\admin\Desktop\Project\pipe_test\pipe_test.uproject" -game -NoSplash -log -windowed -ForceRes -NoTextureStreaming -MoviePipelineConfig="/Game/Cinematics/Queue/test/MyRenderQueue_2" -override_config="MoviePipeline.OutputPath=C:/RenderOutput\exr" -override_config="MoviePipeline.OutputResolution=(X=1280,Y=720)" -override_config="MoviePipeline.TargetFPS=24.0" -override_config="MoviePipeline.SamplesPerPixel=64" -override_config="MoviePipeline.OutputFormat=EXR" -ExecuteAutomation -RenderOffscreen
Script execution finished
